#
# There is insufficient memory for the Java Runtime Environment to continue.
# Native memory allocation (malloc) failed to allocate 32744 bytes for ChunkPool::allocate
# Possible reasons:
#   The system is out of physical RAM or swap space
#   The process is running with CompressedOops enabled, and the Java Heap may be blocking the growth of the native heap
# Possible solutions:
#   Reduce memory load on the system
#   Increase physical memory or swap space
#   Check if swap backing store is full
#   Decrease Java heap size (-Xmx/-Xms)
#   Decrease number of Java threads
#   Decrease Java thread stack sizes (-Xss)
#   Set larger code cache with -XX:ReservedCodeCacheSize=
#   JVM is running with Unscaled Compressed Oops mode in which the Java heap is
#     placed in the first 4GB address space. The Java Heap base address is the
#     maximum limit for the native heap growth. Please use -XX:HeapBaseMinAddress
#     to set the Java Heap base and to place the Java Heap above 4GB virtual address.
# This output file may be truncated or incomplete.
#
#  Out of Memory Error (allocation.cpp:272), pid=5476, tid=0x000000000000146c
#
# JRE version: OpenJDK Runtime Environment (8.0_242-b01) (build 1.8.0_242-release-1644-b01)
# Java VM: OpenJDK 64-Bit Server VM (25.242-b01 mixed mode windows-amd64 compressed oops)
# Failed to write core dump. Minidumps are not enabled by default on client versions of Windows
#

---------------  T H R E A D  ---------------

Current thread (0x00000000178a2000):  JavaThread "C2 CompilerThread0" daemon [_thread_in_native, id=5228, stack(0x0000000018f20000,0x0000000019020000)]

Stack: [0x0000000018f20000,0x0000000019020000]
[error occurred during error reporting (printing stack bounds), id 0xc0000005]

Native frames: (J=compiled Java code, j=interpreted, Vv=VM code, C=native code)


Current CompileTask:
C2: 267652 11221 %     4       groovy.lang.MetaClassImpl::inheritInterfaceNewMetaMethods @ 104 (199 bytes)


---------------  P R O C E S S  ---------------

Java Threads: ( => current thread )
  0x0000000019f15000 JavaThread "Cache worker for Build Output Cleanup Cache (C:\Users\USER\AndroidStudioProjects\latihanITextG\.gradle\buildOutputCleanup)" [_thread_blocked, id=3716, stack(0x00000000250f0000,0x00000000251f0000)]
  0x000000001bc8a800 JavaThread "Build operations Thread 4" [_thread_blocked, id=10648, stack(0x0000000024df0000,0x0000000024ef0000)]
  0x000000001bc8c000 JavaThread "Build operations Thread 3" [_thread_in_native, id=9576, stack(0x00000000246f0000,0x00000000247f0000)]
  0x000000001bc8c800 JavaThread "Build operations Thread 2" [_thread_blocked, id=12108, stack(0x00000000239f0000,0x0000000023af0000)]
  0x000000001bc8f800 JavaThread "Build operations" [_thread_in_native, id=8436, stack(0x00000000232f0000,0x00000000233f0000)]
  0x000000001bc8f000 JavaThread "Cache worker for cache directory md-rule (C:\Users\USER\.gradle\caches\6.1.1\md-rule)" [_thread_blocked, id=1692, stack(0x00000000231f0000,0x00000000232f0000)]
  0x000000001bc8d800 JavaThread "Cache worker for cache directory md-supplier (C:\Users\USER\.gradle\caches\6.1.1\md-supplier)" [_thread_blocked, id=2408, stack(0x00000000230f0000,0x00000000231f0000)]
  0x000000001bc90800 JavaThread "Cache worker for file hash cache (C:\Users\USER\AndroidStudioProjects\latihanITextG\.gradle\6.1.1\fileHashes)" [_thread_blocked, id=11908, stack(0x0000000022ff0000,0x00000000230f0000)]
  0x000000001bc8b000 JavaThread "Cache worker for checksums cache (C:\Users\USER\AndroidStudioProjects\latihanITextG\.gradle\checksums)" [_thread_blocked, id=7280, stack(0x0000000020f60000,0x0000000021060000)]
  0x000000001bc83000 JavaThread "Thread-37" [_thread_blocked, id=5996, stack(0x000000001fe20000,0x000000001ff20000)]
  0x000000001bc88000 JavaThread "Stdin handler" [_thread_blocked, id=10584, stack(0x000000001fd20000,0x000000001fe20000)]
  0x000000001bc86800 JavaThread "Asynchronous log dispatcher for DefaultDaemonConnection: socket connection from /127.0.0.1:2161 to /127.0.0.1:2191" [_thread_blocked, id=3092, stack(0x000000001ea10000,0x000000001eb10000)]
  0x000000001bc89000 JavaThread "Daemon worker Thread 2" [_thread_blocked, id=11200, stack(0x000000001d140000,0x000000001d240000)]
  0x000000001bc82000 JavaThread "Cancel handler" [_thread_blocked, id=11620, stack(0x000000001ce40000,0x000000001cf40000)]
  0x000000001bc83800 JavaThread "Handler for socket connection from /127.0.0.1:2161 to /127.0.0.1:2191" [_thread_in_native, id=6516, stack(0x000000001c940000,0x000000001ca40000)]
  0x000000001bc87800 JavaThread "Daemon Thread 2" [_thread_blocked, id=8780, stack(0x0000000001110000,0x0000000001210000)]
  0x0000000019f1b000 JavaThread "Cache worker for file content cache (C:\Users\USER\.gradle\caches\6.1.1\fileContent)" [_thread_blocked, id=11552, stack(0x00000000245f0000,0x00000000246f0000)]
  0x0000000019f18000 JavaThread "Memory manager" [_thread_blocked, id=5668, stack(0x00000000244f0000,0x00000000245f0000)]
  0x00000000178c4800 JavaThread "Cache worker for execution history cache (C:\Users\USER\.gradle\caches\6.1.1\executionHistory)" [_thread_blocked, id=5488, stack(0x0000000021060000,0x0000000021160000)]
  0x00000000178c1000 JavaThread "Cache worker for file hash cache (C:\Users\USER\.gradle\caches\6.1.1\fileHashes)" [_thread_blocked, id=11140, stack(0x000000001d640000,0x000000001d740000)]
  0x00000000178c1800 JavaThread "File lock request listener" [_thread_in_native, id=10620, stack(0x000000001d540000,0x000000001d640000)]
  0x000000001a93e000 JavaThread "Cache worker for journal cache (C:\Users\USER\.gradle\caches\journal-1)" [_thread_blocked, id=7116, stack(0x000000001d440000,0x000000001d540000)]
  0x000000001b239000 JavaThread "Daemon periodic checks" [_thread_blocked, id=7740, stack(0x000000001c840000,0x000000001c940000)]
  0x000000001b238000 JavaThread "Incoming local TCP Connector on port 2161" [_thread_in_native, id=9412, stack(0x000000001c600000,0x000000001c700000)]
  0x000000001b183000 JavaThread "Daemon health stats" [_thread_blocked, id=7600, stack(0x000000001bfc0000,0x000000001c0c0000)]
  0x0000000019260000 JavaThread "Service Thread" daemon [_thread_blocked, id=3008, stack(0x0000000019620000,0x0000000019720000)]
  0x00000000178c2800 JavaThread "C1 CompilerThread2" daemon [_thread_blocked, id=8148, stack(0x0000000019120000,0x0000000019220000)]
  0x00000000178af000 JavaThread "C2 CompilerThread1" daemon [_thread_in_native, id=6000, stack(0x0000000019020000,0x0000000019120000)]
=>0x00000000178a2000 JavaThread "C2 CompilerThread0" daemon [_thread_in_native, id=5228, stack(0x0000000018f20000,0x0000000019020000)]
  0x00000000178a8000 JavaThread "Attach Listener" daemon [_thread_blocked, id=11752, stack(0x0000000018e20000,0x0000000018f20000)]
  0x00000000178a6800 JavaThread "Signal Dispatcher" daemon [_thread_blocked, id=9040, stack(0x0000000018d20000,0x0000000018e20000)]
  0x0000000002c7b800 JavaThread "Finalizer" daemon [_thread_blocked, id=11772, stack(0x0000000018b20000,0x0000000018c20000)]
  0x0000000017889000 JavaThread "Reference Handler" daemon [_thread_blocked, id=11448, stack(0x0000000018a20000,0x0000000018b20000)]
  0x0000000002a4e000 JavaThread "main" [_thread_blocked, id=11508, stack(0x0000000002a80000,0x0000000002b80000)]

Other Threads:
  0x0000000017867800 VMThread [stack: 0x0000000018920000,0x0000000018a20000] [id=12164]
  0x00000000178fb800 WatcherThread [stack: 0x0000000019720000,0x0000000019820000] [id=4404]

VM state:not at safepoint (normal execution)

VM Mutex/Monitor currently owned by a thread: None

heap address: 0x0000000080000000, size: 2048 MB, Compressed Oops mode: 32-bit
Narrow klass base: 0x0000000000000000, Narrow klass shift: 3
Compressed class space size: 1073741824 Address: 0x0000000100000000

Heap:
 PSYoungGen      total 259584K, used 103577K [0x00000000d5580000, 0x00000000e7500000, 0x0000000100000000)
  eden space 239616K, 34% used [0x00000000d5580000,0x00000000da726cf0,0x00000000e3f80000)
  from space 19968K, 99% used [0x00000000e5800000,0x00000000e6b7f748,0x00000000e6b80000)
  to   space 25088K, 0% used [0x00000000e3f80000,0x00000000e3f80000,0x00000000e5800000)
 ParOldGen       total 76800K, used 44073K [0x0000000080000000, 0x0000000084b00000, 0x00000000d5580000)
  object space 76800K, 57% used [0x0000000080000000,0x0000000082b0a7e8,0x0000000084b00000)
 Metaspace       used 85726K, capacity 90078K, committed 90288K, reserved 1126400K
  class space    used 11594K, capacity 12412K, committed 12464K, reserved 1048576K

Card table byte_map: [0x0000000012040000,0x0000000012450000] byte_map_base: 0x0000000011c40000

Marking Bits: (ParMarkBitMap*) 0x0000000077f7f030
 Begin Bits: [0x0000000012b00000, 0x0000000014b00000)
 End Bits:   [0x0000000014b00000, 0x0000000016b00000)

Polling page: 0x0000000000e00000

CodeCache: size=245760Kb used=31098Kb max_used=31098Kb free=214661Kb
 bounds [0x0000000002c80000, 0x0000000004b00000, 0x0000000011c80000]
 total_blobs=10940 nmethods=10076 adapters=777
 compilation: enabled

Compilation events (10 events):
Event: 267.586 Thread 0x00000000178c2800 11711       3       java.nio.channels.Channels::newInputStream (15 bytes)
Event: 267.587 Thread 0x00000000178c2800 nmethod 11711 0x0000000003abc950 code [0x0000000003abcae0, 0x0000000003abcde8]
Event: 267.587 Thread 0x00000000178c2800 11712       3       java.nio.channels.Channels::checkNotNull (37 bytes)
Event: 267.588 Thread 0x00000000178c2800 nmethod 11712 0x0000000003abba50 code [0x0000000003abbc40, 0x0000000003abc568]
Event: 267.598 Thread 0x00000000178c2800 11713       3       org.gradle.cache.internal.DefaultPersistentDirectoryStore::withFileLock (11 bytes)
Event: 267.599 Thread 0x00000000178c2800 nmethod 11713 0x0000000003abb5d0 code [0x0000000003abb740, 0x0000000003abb968]
Event: 267.599 Thread 0x00000000178c2800 11714       3       org.gradle.cache.internal.DefaultCacheAccess::withFileLock (9 bytes)
Event: 267.599 Thread 0x00000000178c2800 nmethod 11714 0x0000000003abb150 code [0x0000000003abb2c0, 0x0000000003abb4e8]
Event: 267.599 Thread 0x00000000178c2800 11715       3       org.gradle.api.internal.artifacts.transform.ImmutableTransformationWorkspaceProvider$$Lambda$429/2021107408::create (16 bytes)
Event: 267.599 Thread 0x00000000178c2800 nmethod 11715 0x0000000003abad50 code [0x0000000003abaec0, 0x0000000003abb068]

GC Heap History (10 events):
Event: 20.199 GC heap before
{Heap before GC invocations=17 (full 2):
 PSYoungGen      total 171520K, used 30307K [0x00000000d5580000, 0x00000000e1780000, 0x0000000100000000)
  eden space 159232K, 11% used [0x00000000d5580000,0x00000000d671c770,0x00000000df100000)
  from space 12288K, 99% used [0x00000000e0300000,0x00000000e0efc6e8,0x00000000e0f00000)
  to   space 18432K, 0% used [0x00000000df100000,0x00000000df100000,0x00000000e0300000)
 ParOldGen       total 48640K, used 30551K [0x0000000080000000, 0x0000000082f80000, 0x00000000d5580000)
  object space 48640K, 62% used [0x0000000080000000,0x0000000081dd5c60,0x0000000082f80000)
 Metaspace       used 57061K, capacity 59058K, committed 59160K, reserved 1099776K
  class space    used 7820K, capacity 8282K, committed 8368K, reserved 1048576K
Event: 20.220 GC heap after
Heap after GC invocations=17 (full 2):
 PSYoungGen      total 177664K, used 1824K [0x00000000d5580000, 0x00000000e4e00000, 0x0000000100000000)
  eden space 159232K, 0% used [0x00000000d5580000,0x00000000d5580000,0x00000000df100000)
  from space 18432K, 9% used [0x00000000df100000,0x00000000df2c82b8,0x00000000e0300000)
  to   space 17920K, 0% used [0x00000000e3c80000,0x00000000e3c80000,0x00000000e4e00000)
 ParOldGen       total 48640K, used 37290K [0x0000000080000000, 0x0000000082f80000, 0x00000000d5580000)
  object space 48640K, 76% used [0x0000000080000000,0x000000008246a8b8,0x0000000082f80000)
 Metaspace       used 57061K, capacity 59058K, committed 59160K, reserved 1099776K
  class space    used 7820K, capacity 8282K, committed 8368K, reserved 1048576K
}
Event: 20.221 GC heap before
{Heap before GC invocations=18 (full 3):
 PSYoungGen      total 177664K, used 1824K [0x00000000d5580000, 0x00000000e4e00000, 0x0000000100000000)
  eden space 159232K, 0% used [0x00000000d5580000,0x00000000d5580000,0x00000000df100000)
  from space 18432K, 9% used [0x00000000df100000,0x00000000df2c82b8,0x00000000e0300000)
  to   space 17920K, 0% used [0x00000000e3c80000,0x00000000e3c80000,0x00000000e4e00000)
 ParOldGen       total 48640K, used 37290K [0x0000000080000000, 0x0000000082f80000, 0x00000000d5580000)
  object space 48640K, 76% used [0x0000000080000000,0x000000008246a8b8,0x0000000082f80000)
 Metaspace       used 57061K, capacity 59058K, committed 59160K, reserved 1099776K
  class space    used 7820K, capacity 8282K, committed 8368K, reserved 1048576K
Event: 20.574 GC heap after
Heap after GC invocations=18 (full 3):
 PSYoungGen      total 177664K, used 0K [0x00000000d5580000, 0x00000000e4e00000, 0x0000000100000000)
  eden space 159232K, 0% used [0x00000000d5580000,0x00000000d5580000,0x00000000df100000)
  from space 18432K, 0% used [0x00000000df100000,0x00000000df100000,0x00000000e0300000)
  to   space 17920K, 0% used [0x00000000e3c80000,0x00000000e3c80000,0x00000000e4e00000)
 ParOldGen       total 76800K, used 28525K [0x0000000080000000, 0x0000000084b00000, 0x00000000d5580000)
  object space 76800K, 37% used [0x0000000080000000,0x0000000081bdb5c0,0x0000000084b00000)
 Metaspace       used 57048K, capacity 59016K, committed 59160K, reserved 1099776K
  class space    used 7816K, capacity 8275K, committed 8368K, reserved 1048576K
}
Event: 24.609 GC heap before
{Heap before GC invocations=19 (full 3):
 PSYoungGen      total 177664K, used 159232K [0x00000000d5580000, 0x00000000e4e00000, 0x0000000100000000)
  eden space 159232K, 100% used [0x00000000d5580000,0x00000000df100000,0x00000000df100000)
  from space 18432K, 0% used [0x00000000df100000,0x00000000df100000,0x00000000e0300000)
  to   space 17920K, 0% used [0x00000000e3c80000,0x00000000e3c80000,0x00000000e4e00000)
 ParOldGen       total 76800K, used 28525K [0x0000000080000000, 0x0000000084b00000, 0x00000000d5580000)
  object space 76800K, 37% used [0x0000000080000000,0x0000000081bdb5c0,0x0000000084b00000)
 Metaspace       used 62465K, capacity 65312K, committed 65584K, reserved 1105920K
  class space    used 8626K, capacity 9227K, committed 9264K, reserved 1048576K
Event: 24.635 GC heap after
Heap after GC invocations=19 (full 3):
 PSYoungGen      total 224768K, used 16898K [0x00000000d5580000, 0x00000000e4d80000, 0x0000000100000000)
  eden space 207360K, 0% used [0x00000000d5580000,0x00000000d5580000,0x00000000e2000000)
  from space 17408K, 97% used [0x00000000e3c80000,0x00000000e4d00ba8,0x00000000e4d80000)
  to   space 20992K, 0% used [0x00000000e2480000,0x00000000e2480000,0x00000000e3900000)
 ParOldGen       total 76800K, used 28533K [0x0000000080000000, 0x0000000084b00000, 0x00000000d5580000)
  object space 76800K, 37% used [0x0000000080000000,0x0000000081bdd5c0,0x0000000084b00000)
 Metaspace       used 62465K, capacity 65312K, committed 65584K, reserved 1105920K
  class space    used 8626K, capacity 9227K, committed 9264K, reserved 1048576K
}
Event: 28.970 GC heap before
{Heap before GC invocations=20 (full 3):
 PSYoungGen      total 224768K, used 224258K [0x00000000d5580000, 0x00000000e4d80000, 0x0000000100000000)
  eden space 207360K, 100% used [0x00000000d5580000,0x00000000e2000000,0x00000000e2000000)
  from space 17408K, 97% used [0x00000000e3c80000,0x00000000e4d00ba8,0x00000000e4d80000)
  to   space 20992K, 0% used [0x00000000e2480000,0x00000000e2480000,0x00000000e3900000)
 ParOldGen       total 76800K, used 28533K [0x0000000080000000, 0x0000000084b00000, 0x00000000d5580000)
  object space 76800K, 37% used [0x0000000080000000,0x0000000081bdd5c0,0x0000000084b00000)
 Metaspace       used 70436K, capacity 73796K, committed 74032K, reserved 1112064K
  class space    used 9767K, capacity 10435K, committed 10544K, reserved 1048576K
Event: 28.997 GC heap after
Heap after GC invocations=20 (full 3):
 PSYoungGen      total 232960K, used 9185K [0x00000000d5580000, 0x00000000e6b80000, 0x0000000100000000)
  eden space 211968K, 0% used [0x00000000d5580000,0x00000000d5580000,0x00000000e2480000)
  from space 20992K, 43% used [0x00000000e2480000,0x00000000e2d78530,0x00000000e3900000)
  to   space 19968K, 0% used [0x00000000e5800000,0x00000000e5800000,0x00000000e6b80000)
 ParOldGen       total 76800K, used 39180K [0x0000000080000000, 0x0000000084b00000, 0x00000000d5580000)
  object space 76800K, 51% used [0x0000000080000000,0x0000000082643070,0x0000000084b00000)
 Metaspace       used 70436K, capacity 73796K, committed 74032K, reserved 1112064K
  class space    used 9767K, capacity 10435K, committed 10544K, reserved 1048576K
}
Event: 265.651 GC heap before
{Heap before GC invocations=21 (full 3):
 PSYoungGen      total 232960K, used 221153K [0x00000000d5580000, 0x00000000e6b80000, 0x0000000100000000)
  eden space 211968K, 100% used [0x00000000d5580000,0x00000000e2480000,0x00000000e2480000)
  from space 20992K, 43% used [0x00000000e2480000,0x00000000e2d78530,0x00000000e3900000)
  to   space 19968K, 0% used [0x00000000e5800000,0x00000000e5800000,0x00000000e6b80000)
 ParOldGen       total 76800K, used 39180K [0x0000000080000000, 0x0000000084b00000, 0x00000000d5580000)
  object space 76800K, 51% used [0x0000000080000000,0x0000000082643070,0x0000000084b00000)
 Metaspace       used 83114K, capacity 87436K, committed 87728K, reserved 1124352K
  class space    used 11292K, capacity 12130K, committed 12208K, reserved 1048576K
Event: 265.692 GC heap after
Heap after GC invocations=21 (full 3):
 PSYoungGen      total 259584K, used 19965K [0x00000000d5580000, 0x00000000e7500000, 0x0000000100000000)
  eden space 239616K, 0% used [0x00000000d5580000,0x00000000d5580000,0x00000000e3f80000)
  from space 19968K, 99% used [0x00000000e5800000,0x00000000e6b7f748,0x00000000e6b80000)
  to   space 25088K, 0% used [0x00000000e3f80000,0x00000000e3f80000,0x00000000e5800000)
 ParOldGen       total 76800K, used 44073K [0x0000000080000000, 0x0000000084b00000, 0x00000000d5580000)
  object space 76800K, 57% used [0x0000000080000000,0x0000000082b0a7e8,0x0000000084b00000)
 Metaspace       used 83114K, capacity 87436K, committed 87728K, reserved 1124352K
  class space    used 11292K, capacity 12130K, committed 12208K, reserved 1048576K
}

Deoptimization events (10 events):
Event: 264.965 Thread 0x000000001bc89000 Uncommon trap: reason=unstable_if action=reinterpret pc=0x0000000003e0d8c4 method=org.objectweb.asm.AnnotationWriter.computeAnnotationsSize(Lorg/objectweb/asm/AnnotationWriter;Lorg/objectweb/asm/AnnotationWriter;Lorg/objectweb/asm/AnnotationWriter;Lorg/ob
Event: 264.965 Thread 0x000000001bc89000 Uncommon trap: reason=unstable_if action=reinterpret pc=0x0000000003c0513c method=org.objectweb.asm.AnnotationWriter.putAnnotations(Lorg/objectweb/asm/SymbolTable;Lorg/objectweb/asm/AnnotationWriter;Lorg/objectweb/asm/AnnotationWriter;Lorg/objectweb/asm/A
Event: 265.446 Thread 0x000000001bc89000 Uncommon trap: reason=class_check action=maybe_recompile pc=0x0000000002f0d980 method=java.lang.Throwable.<init>(Ljava/lang/String;Ljava/lang/Throwable;)V @ 24
Event: 266.275 Thread 0x000000001bc89000 Uncommon trap: reason=unstable_if action=reinterpret pc=0x000000000470c51c method=groovy.lang.MetaClassImpl.filterPropertyMethod(Ljava/lang/Object;ZZ)Ljava/lang/Object; @ 60
Event: 266.448 Thread 0x000000001bc89000 Uncommon trap: reason=class_check action=maybe_recompile pc=0x0000000002f0d980 method=java.lang.Throwable.<init>(Ljava/lang/String;Ljava/lang/Throwable;)V @ 24
Event: 266.482 Thread 0x000000001bc89000 Uncommon trap: reason=null_check action=make_not_entrant pc=0x0000000003bc6cd4 method=java.lang.ThreadLocal$ThreadLocalMap.set(Ljava/lang/ThreadLocal;Ljava/lang/Object;)V @ 36
Event: 266.803 Thread 0x000000001bc89000 Uncommon trap: reason=class_check action=maybe_recompile pc=0x0000000002f0d980 method=java.lang.Throwable.<init>(Ljava/lang/String;Ljava/lang/Throwable;)V @ 24
Event: 266.808 Thread 0x000000001bc89000 Uncommon trap: reason=class_check action=maybe_recompile pc=0x0000000002f0d980 method=java.lang.Throwable.<init>(Ljava/lang/String;Ljava/lang/Throwable;)V @ 24
Event: 267.271 Thread 0x000000001bc8f800 Uncommon trap: reason=unstable_if action=reinterpret pc=0x0000000004119d10 method=java.util.concurrent.ConcurrentLinkedQueue.offer(Ljava/lang/Object;)Z @ 40
Event: 267.272 Thread 0x000000001bc8f800 Uncommon trap: reason=unstable_if action=reinterpret pc=0x0000000002f629d0 method=java.util.concurrent.ConcurrentLinkedQueue.offer(Ljava/lang/Object;)Z @ 40

Classes redefined (0 events):
No events

Internal exceptions (10 events):
Event: 266.552 Thread 0x000000001bc89000 Exception <a 'java/lang/ClassNotFoundException': org/gradle/api/internal/tasks/DefaultSourceSetContainer_DecoratedBeanInfo> (0x00000000d860b438) thrown at [C:\src\AOSP-openjdk-git\hotspot\src\share\vm\classfile\systemDictionary.cpp, line 210]
Event: 266.553 Thread 0x000000001bc89000 Exception <a 'java/lang/ClassNotFoundException': org/gradle/api/internal/tasks/DefaultSourceSetContainerBeanInfo> (0x00000000d863b8d0) thrown at [C:\src\AOSP-openjdk-git\hotspot\src\share\vm\classfile\systemDictionary.cpp, line 210]
Event: 266.554 Thread 0x000000001bc89000 Exception <a 'java/lang/ClassNotFoundException': org/gradle/api/internal/tasks/DefaultSourceSetContainerCustomizer> (0x00000000d866c8f8) thrown at [C:\src\AOSP-openjdk-git\hotspot\src\share\vm\classfile\systemDictionary.cpp, line 210]
Event: 266.556 Thread 0x000000001bc89000 Exception <a 'java/lang/ClassNotFoundException': org/gradle/api/internal/tasks/DefaultSourceSetContainer_DecoratedCustomizer> (0x00000000d86b19f0) thrown at [C:\src\AOSP-openjdk-git\hotspot\src\share\vm\classfile\systemDictionary.cpp, line 210]
Event: 266.982 Thread 0x000000001bc89000 Exception <a 'java/lang/reflect/InvocationTargetException'> (0x00000000d941c9f8) thrown at [C:\src\AOSP-openjdk-git\hotspot\src\share\vm\runtime\reflection.cpp, line 1092]
Event: 267.207 Thread 0x000000001bc89000 Exception <a 'java/lang/NoSuchMethodError': java.lang.Object.lambda$flatMap$1(Ljava/util/function/Function;Lorg/gradle/internal/Try;)Lorg/gradle/api/internal/artifacts/transform/CacheableInvocation;> (0x00000000d99d6eb0) thrown at [C:\src\AOSP-openjdk-git
Event: 267.207 Thread 0x000000001bc89000 Exception <a 'java/lang/NoSuchMethodError': java.lang.Object.lambda$flatMap$4(Ljava/util/function/Function;)Lorg/gradle/api/internal/artifacts/transform/CacheableInvocation;> (0x00000000d99dbd30) thrown at [C:\src\AOSP-openjdk-git\hotspot\src\share\vm\int
Event: 267.207 Thread 0x000000001bc89000 Exception <a 'java/lang/NoSuchMethodError': java.lang.Object.lambda$flatMap$3(Ljava/util/function/Function;)Lorg/gradle/internal/Try;> (0x00000000d99e1390) thrown at [C:\src\AOSP-openjdk-git\hotspot\src\share\vm\interpreter\linkResolver.cpp, line 620]
Event: 267.212 Thread 0x000000001bc8a800 Exception <a 'java/lang/NoSuchMethodError': java.lang.Object.lambda$flatMap$2(Ljava/util/function/Function;Ljava/lang/Object;)Lorg/gradle/internal/Try;> (0x00000000d9893488) thrown at [C:\src\AOSP-openjdk-git\hotspot\src\share\vm\interpreter\linkResolver.
Event: 267.240 Thread 0x000000001bc8c000 Exception <a 'java/lang/NoSuchMethodError': java.lang.Object.lambda$flatMap$0(Ljava/lang/Throwable;)Lorg/gradle/api/internal/artifacts/transform/CacheableInvocation;> (0x00000000d9c08d68) thrown at [C:\src\AOSP-openjdk-git\hotspot\src\share\vm\interpreter

Events (10 events):
Event: 267.532 Executing VM operation: RevokeBias
Event: 267.533 Executing VM operation: RevokeBias done
Event: 267.538 loading class com/android/build/gradle/internal/ide/JavaLibraryImpl
Event: 267.538 loading class com/android/build/gradle/internal/ide/JavaLibraryImpl done
Event: 267.539 loading class com/android/builder/model/JavaLibrary
Event: 267.539 loading class com/android/builder/model/JavaLibrary done
Event: 267.543 loading class org/gradle/api/artifacts/component/ComponentIdentifier
Event: 267.543 loading class org/gradle/api/artifacts/component/ComponentIdentifier done
Event: 267.543 loading class com/android/build/gradle/internal/ide/dependencies/ResolvedArtifact
Event: 267.543 loading class com/android/build/gradle/internal/ide/dependencies/ResolvedArtifact done


Dynamic libraries:
0x00007ff684fb0000 - 0x00007ff684fe1000 	C:\Program Files\Android\Android Studio\jre\bin\java.exe
0x00007ffd3fcb0000 - 0x00007ffd3fea6000 	C:\WINDOWS\SYSTEM32\ntdll.dll
0x00007ffd1f0d0000 - 0x00007ffd1f0e2000 	C:\Program Files\AVAST Software\Avast\aswhook.dll
0x00007ffd3fa00000 - 0x00007ffd3fabd000 	C:\WINDOWS\System32\KERNEL32.DLL
0x00007ffd3d910000 - 0x00007ffd3dbd9000 	C:\WINDOWS\System32\KERNELBASE.dll
0x00007ffd3e480000 - 0x00007ffd3e52c000 	C:\WINDOWS\System32\ADVAPI32.dll
0x00007ffd3f220000 - 0x00007ffd3f2be000 	C:\WINDOWS\System32\msvcrt.dll
0x00007ffd3f180000 - 0x00007ffd3f21c000 	C:\WINDOWS\System32\sechost.dll
0x00007ffd3e270000 - 0x00007ffd3e39b000 	C:\WINDOWS\System32\RPCRT4.dll
0x00007ffd3fac0000 - 0x00007ffd3fc60000 	C:\WINDOWS\System32\USER32.dll
0x00007ffd3d3f0000 - 0x00007ffd3d412000 	C:\WINDOWS\System32\win32u.dll
0x00007ffd3dd10000 - 0x00007ffd3dd3a000 	C:\WINDOWS\System32\GDI32.dll
0x00007ffd3d5a0000 - 0x00007ffd3d6ab000 	C:\WINDOWS\System32\gdi32full.dll
0x00007ffd3dc70000 - 0x00007ffd3dd0d000 	C:\WINDOWS\System32\msvcp_win.dll
0x00007ffd3d6b0000 - 0x00007ffd3d7b0000 	C:\WINDOWS\System32\ucrtbase.dll
0x00007ffd27550000 - 0x00007ffd277eb000 	C:\WINDOWS\WinSxS\amd64_microsoft.windows.common-controls_6595b64144ccf1df_6.0.19041.746_none_ca02b4b61b8320a4\COMCTL32.dll
0x00007ffd3f560000 - 0x00007ffd3f590000 	C:\WINDOWS\System32\IMM32.DLL
0x0000000050170000 - 0x0000000050242000 	C:\Program Files\Android\Android Studio\jre\jre\bin\msvcr100.dll
0x00000000777b0000 - 0x0000000077ffb000 	C:\Program Files\Android\Android Studio\jre\jre\bin\server\jvm.dll
0x00007ffd3fc60000 - 0x00007ffd3fc68000 	C:\WINDOWS\System32\PSAPI.DLL
0x00007ffd2be00000 - 0x00007ffd2be09000 	C:\WINDOWS\SYSTEM32\WSOCK32.dll
0x00007ffd35af0000 - 0x00007ffd35afa000 	C:\WINDOWS\SYSTEM32\VERSION.dll
0x00007ffd2fba0000 - 0x00007ffd2fbc7000 	C:\WINDOWS\SYSTEM32\WINMM.dll
0x00007ffd3f2e0000 - 0x00007ffd3f34b000 	C:\WINDOWS\System32\WS2_32.dll
0x00007ffd2e0e0000 - 0x00007ffd2e0ef000 	C:\Program Files\Android\Android Studio\jre\jre\bin\verify.dll
0x00007ffd2e0b0000 - 0x00007ffd2e0d9000 	C:\Program Files\Android\Android Studio\jre\jre\bin\java.dll
0x00007ffd2e090000 - 0x00007ffd2e0a6000 	C:\Program Files\Android\Android Studio\jre\jre\bin\zip.dll
0x00007ffd3e920000 - 0x00007ffd3f062000 	C:\WINDOWS\System32\SHELL32.dll
0x00007ffd3b540000 - 0x00007ffd3bcd0000 	C:\WINDOWS\SYSTEM32\windows.storage.dll
0x00007ffd3e530000 - 0x00007ffd3e886000 	C:\WINDOWS\System32\combase.dll
0x00007ffd3cd80000 - 0x00007ffd3cdac000 	C:\WINDOWS\SYSTEM32\Wldp.dll
0x00007ffd3f0d0000 - 0x00007ffd3f17e000 	C:\WINDOWS\System32\SHCORE.dll
0x00007ffd3f070000 - 0x00007ffd3f0c5000 	C:\WINDOWS\System32\shlwapi.dll
0x00007ffd3d320000 - 0x00007ffd3d346000 	C:\WINDOWS\SYSTEM32\profapi.dll
0x00007ffd2e040000 - 0x00007ffd2e05a000 	C:\Program Files\Android\Android Studio\jre\jre\bin\net.dll
0x00007ffd3cb00000 - 0x00007ffd3cb6a000 	C:\WINDOWS\system32\mswsock.dll
0x00007ffd2dff0000 - 0x00007ffd2e003000 	C:\Program Files\Android\Android Studio\jre\jre\bin\nio.dll
0x00007ffd0c790000 - 0x00007ffd0c7b6000 	C:\Users\USER\.gradle\native\31\windows-amd64\native-platform.dll
0x00007ffd211e0000 - 0x00007ffd211ed000 	C:\Program Files\Android\Android Studio\jre\jre\bin\management.dll
0x00007ffd3ccd0000 - 0x00007ffd3cce8000 	C:\WINDOWS\SYSTEM32\CRYPTSP.dll
0x00007ffd3c4a0000 - 0x00007ffd3c4d4000 	C:\WINDOWS\system32\rsaenh.dll
0x00007ffd3dbe0000 - 0x00007ffd3dc07000 	C:\WINDOWS\System32\bcrypt.dll
0x00007ffd3d2a0000 - 0x00007ffd3d2ce000 	C:\WINDOWS\SYSTEM32\USERENV.dll
0x00007ffd3d470000 - 0x00007ffd3d4f0000 	C:\WINDOWS\System32\bcryptprimitives.dll
0x00007ffd3ccf0000 - 0x00007ffd3ccfc000 	C:\WINDOWS\SYSTEM32\CRYPTBASE.dll
0x00007ffd3c7f0000 - 0x00007ffd3c82b000 	C:\WINDOWS\SYSTEM32\IPHLPAPI.DLL
0x00007ffd3e910000 - 0x00007ffd3e918000 	C:\WINDOWS\System32\NSI.dll
0x00007ffd34270000 - 0x00007ffd34287000 	C:\WINDOWS\SYSTEM32\dhcpcsvc6.DLL
0x00007ffd34340000 - 0x00007ffd3435d000 	C:\WINDOWS\SYSTEM32\dhcpcsvc.DLL
0x00007ffd3c830000 - 0x00007ffd3c8fb000 	C:\WINDOWS\SYSTEM32\DNSAPI.dll

VM Arguments:
jvm_args: -Xmx2048m -Dfile.encoding=windows-1252 -Duser.country=US -Duser.language=en -Duser.variant 
java_command: org.gradle.launcher.daemon.bootstrap.GradleDaemon 6.1.1
java_class_path (initial): C:\Users\USER\.gradle\wrapper\dists\gradle-6.1.1-all\cfmwm155h49vnt3hynmlrsdst\gradle-6.1.1\lib\gradle-launcher-6.1.1.jar
Launcher Type: SUN_STANDARD

Environment Variables:
JAVA_HOME=C:\Program Files\Java\jdk-12.0.2
PATH=C:\Program Files\nodejs;C:\Program Files (x86)\Common Files\Oracle\Java\javapath;C:\Program Files (x86)\Common Files\Intel\Shared Files\cpp\bin\Intel64;C:\WINDOWS\system32;C:\WINDOWS;C:\WINDOWS\System32\Wbem;C:\WINDOWS\System32\WindowsPowerShell\v1.0\;C:\Program Files\Microsoft SQL Server\120\Tools\Binn\;C:\Program Files\Java\jdk1.8.0_172\bin;C:\Program Files\apache-ant-1.10.6\bin;C:\Users\USER\AppData\Local\Android\android-sdk\tools\bin;C:\Program Files (x86)\gradle\bin;C:\Users\USER\AppData\Local\Android\android-sdk\platform-tools;C:\Users\USER\AppData\Local\Android\android-sdk\tools;C:\Program Files\Git\bin;C:\WINDOWS\System32\OpenSSH\;C:\xampp\php;C:\ProgramData\ComposerSetup\bin;C:\Users\USER\AppData\Local\Programs\Python\Python37-32\Scripts\;C:\Users\USER\AppData\Local\Programs\Python\Python37-32\;C:\Users\USER\AppData\Local\atom\bin;C:\Users\USER\AppData\Roaming\npm;C:\Users\USER\AppData\Local\Programs\Microsoft VS Code\bin;C:\Users\USER\AppData\Local\Microsoft\WindowsApps;D:\Rabbani S F M\Coding\laravel\composer\bin;C:\Users\USER\AppData\Roaming\Composer\vendor\bin;
USERNAME=RabbaniSidiqFM
OS=Windows_NT
PROCESSOR_IDENTIFIER=Intel64 Family 6 Model 78 Stepping 3, GenuineIntel



---------------  S Y S T E M  ---------------

OS: Windows 10.0 , 64 bit Build 19041 (10.0.19041.804)

CPU:total 4 (initial active 4) (2 cores per cpu, 2 threads per core) family 6 model 78 stepping 3, cmov, cx8, fxsr, mmx, sse, sse2, sse3, ssse3, sse4.1, sse4.2, popcnt, avx, avx2, aes, clmul, erms, 3dnowpref, lzcnt, ht, tsc, tscinvbit, bmi1, bmi2, adx

Memory: 4k page, physical 4066020k(391760k free), swap 5491428k(4120k free)

vm_info: OpenJDK 64-Bit Server VM (25.242-b01) for windows-amd64 JRE (1.8.0_242-release-1644-b01), built by "builder" with MS VC++ 10.0 (VS2010)

time: Fri Mar 05 20:26:04 2021
timezone: SE Asia Standard Time
elapsed time: 267 seconds (0d 0h 4m 27s)

